2026-03-05 18:44:41.799 UTC | INFO     | Using folder ID: 0B08IQ87a7dKcY3VmMGhKblBWMzA
2026-03-05 18:44:41.799 UTC | INFO     | Loaded 11 previously processed files
2026-03-05 18:44:41.799 UTC | INFO     | Loaded 0 previously failed files
2026-03-05 18:44:42.245 UTC | INFO     | Folder name: FOTO
2026-03-05 18:44:43.455 UTC | INFO     | Created new album: FOTO
2026-03-05 18:44:44.427 UTC | INFO     | Skipping (already processed): Einschulung.jpg
2026-03-05 18:44:44.694 UTC | INFO     | Skipping (already processed): IMG_6492.JPG
2026-03-05 18:44:44.695 UTC | INFO     | Skipping (already processed): IMG_6488.JPG
2026-03-05 18:44:44.695 UTC | INFO     | Skipping (already processed): IMG_6483.JPG
2026-03-05 18:44:44.695 UTC | INFO     | Skipping (already processed): IMG_6478.JPG
2026-03-05 18:44:44.695 UTC | INFO     | Skipping (already processed): IMG_6469.JPG
2026-03-05 18:44:44.695 UTC | INFO     | Skipping (already processed): IMG_6466.JPG
2026-03-05 18:44:44.695 UTC | INFO     | Skipping (already processed): IMG_6465.JPG
2026-03-05 18:44:44.695 UTC | INFO     | Skipping (already processed): IMG_6463.JPG
2026-03-05 18:44:44.695 UTC | INFO     | Skipping (already processed): IMG_6462.JPG
2026-03-05 18:44:44.695 UTC | INFO     | Skipping (already processed): IMG_6461.JPG
2026-03-05 18:44:44.695 UTC | INFO     | Processing: IMG_6458.JPG...
2026-03-05 18:44:49.138 UTC | SUCCESS  | Done: IMG_6458.JPG
2026-03-05 18:44:49.138 UTC | INFO     | Processing: IMG_6452.JPG...
2026-03-05 18:44:53.792 UTC | SUCCESS  | Done: IMG_6452.JPG
2026-03-05 18:44:53.792 UTC | INFO     | Processing: IMG_6448.JPG...
2026-03-05 18:44:57.846 UTC | SUCCESS  | Done: IMG_6448.JPG
2026-03-05 18:44:57.846 UTC | INFO     | Processing: IMG_6444.JPG...
2026-03-05 18:45:02.264 UTC | SUCCESS  | Done: IMG_6444.JPG
2026-03-05 18:45:02.264 UTC | INFO     | Processing: IMG_6437.JPG...
2026-03-05 18:45:07.259 UTC | SUCCESS  | Done: IMG_6437.JPG
2026-03-05 18:45:07.260 UTC | INFO     | Processing: IMG_6436.JPG...
2026-03-05 18:45:12.572 UTC | SUCCESS  | Done: IMG_6436.JPG
2026-03-05 18:45:12.572 UTC | INFO     | Processing: IMG_6429.JPG...
2026-03-05 18:45:16.816 UTC | SUCCESS  | Done: IMG_6429.JPG
2026-03-05 18:45:16.816 UTC | INFO     | Processing: IMG_6427.JPG...
2026-03-05 18:45:21.030 UTC | SUCCESS  | Done: IMG_6427.JPG
2026-03-05 18:45:21.030 UTC | INFO     | Processing: IMG_6426.JPG...
2026-03-05 18:45:28.146 UTC | SUCCESS  | Done: IMG_6426.JPG
2026-03-05 18:45:28.146 UTC | INFO     | Processing: IMG_6410.JPG...
2026-03-05 18:45:32.620 UTC | SUCCESS  | Done: IMG_6410.JPG
2026-03-05 18:45:32.620 UTC | INFO     | Processing: IMG_6405.JPG...
2026-03-05 18:45:37.198 UTC | SUCCESS  | Done: IMG_6405.JPG
2026-03-05 18:45:37.198 UTC | INFO     | Processing: IMG_6386.JPG...
2026-03-05 18:45:41.719 UTC | SUCCESS  | Done: IMG_6386.JPG
2026-03-05 18:45:41.719 UTC | INFO     | Processing: IMG_6384.JPG...
2026-03-05 18:45:46.004 UTC | SUCCESS  | Done: IMG_6384.JPG
2026-03-05 18:45:46.004 UTC | INFO     | Processing: IMG_6383.JPG...
2026-03-05 18:45:50.243 UTC | SUCCESS  | Done: IMG_6383.JPG
2026-03-05 18:45:50.243 UTC | INFO     | Processing: IMG_6381.JPG...
2026-03-05 18:45:54.291 UTC | SUCCESS  | Done: IMG_6381.JPG
2026-03-05 18:45:54.291 UTC | INFO     | Processing: IMG_6380.JPG...
2026-03-05 18:45:58.779 UTC | SUCCESS  | Done: IMG_6380.JPG
2026-03-05 18:45:58.779 UTC | INFO     | Processing: IMG_6377.JPG...
2026-03-05 18:46:03.611 UTC | SUCCESS  | Done: IMG_6377.JPG
2026-03-05 18:46:03.611 UTC | INFO     | Processing: IMG_6370.JPG...
2026-03-05 18:46:09.137 UTC | SUCCESS  | Done: IMG_6370.JPG
2026-03-05 18:46:09.137 UTC | INFO     | Processing: IMG_6369.JPG...
2026-03-05 18:46:13.714 UTC | SUCCESS  | Done: IMG_6369.JPG
2026-03-05 18:46:13.714 UTC | INFO     | Processing: IMG_6368.JPG...
2026-03-05 18:46:18.076 UTC | SUCCESS  | Done: IMG_6368.JPG
2026-03-05 18:46:18.076 UTC | INFO     | Processing: IMG_6367.JPG...
2026-03-05 18:46:22.344 UTC | SUCCESS  | Done: IMG_6367.JPG
2026-03-05 18:46:22.344 UTC | INFO     | Processing: IMG_6364.JPG...
2026-03-05 18:46:26.337 UTC | SUCCESS  | Done: IMG_6364.JPG
2026-03-05 18:46:26.337 UTC | INFO     | Processing: IMG_6362.JPG...
2026-03-05 18:46:30.952 UTC | SUCCESS  | Done: IMG_6362.JPG
2026-03-05 18:46:30.952 UTC | INFO     | Processing: IMG_6347.JPG...
2026-03-05 18:46:36.232 UTC | SUCCESS  | Done: IMG_6347.JPG
2026-03-05 18:46:36.232 UTC | INFO     | Processing: IMG_6343.JPG...
2026-03-05 18:46:41.484 UTC | SUCCESS  | Done: IMG_6343.JPG
2026-03-05 18:46:41.485 UTC | INFO     | Processing: IMG_6339.JPG...
2026-03-05 18:46:46.270 UTC | SUCCESS  | Done: IMG_6339.JPG
2026-03-05 18:46:46.271 UTC | INFO     | Processing: IMG_6335.JPG...
2026-03-05 18:46:50.780 UTC | SUCCESS  | Done: IMG_6335.JPG
2026-03-05 18:46:50.780 UTC | INFO     | Processing: IMG_6408.JPG...
2026-03-05 18:46:54.289 UTC | SUCCESS  | Done: IMG_6408.JPG
2026-03-05 18:46:54.289 UTC | INFO     | Processing: IMG_6401.JPG...
2026-03-05 18:46:57.523 UTC | SUCCESS  | Done: IMG_6401.JPG
2026-03-05 18:46:57.865 UTC | INFO     | Processing: IMG_6333.JPG...
2026-03-05 18:47:02.588 UTC | SUCCESS  | Done: IMG_6333.JPG
2026-03-05 18:47:02.588 UTC | INFO     | Processing: IMG_6328.JPG...
2026-03-05 18:47:06.932 UTC | SUCCESS  | Done: IMG_6328.JPG
2026-03-05 18:47:06.932 UTC | INFO     | Processing: IMG_6327.JPG...
2026-03-05 18:47:11.433 UTC | SUCCESS  | Done: IMG_6327.JPG
2026-03-05 18:47:11.433 UTC | INFO     | Processing: IMG_6321.JPG...
2026-03-05 18:47:15.910 UTC | SUCCESS  | Done: IMG_6321.JPG
2026-03-05 18:47:15.910 UTC | INFO     | Processing: IMG_6320.JPG...
2026-03-05 18:47:20.307 UTC | SUCCESS  | Done: IMG_6320.JPG
2026-03-05 18:47:20.307 UTC | INFO     | Processing: IMG_6317.JPG...
2026-03-05 18:47:24.999 UTC | SUCCESS  | Done: IMG_6317.JPG
2026-03-05 18:47:25.000 UTC | INFO     | Processing: IMG_6313.JPG...
2026-03-05 18:47:29.377 UTC | SUCCESS  | Done: IMG_6313.JPG
2026-03-05 18:47:29.378 UTC | INFO     | Processing: IMG_6311.JPG...
2026-03-05 18:47:33.621 UTC | SUCCESS  | Done: IMG_6311.JPG
2026-03-05 18:47:33.621 UTC | INFO     | Processing: IMG_6307.JPG...
2026-03-05 18:47:38.963 UTC | SUCCESS  | Done: IMG_6307.JPG
2026-03-05 18:47:38.964 UTC | INFO     | Processing: IMG_6305.JPG...
2026-03-05 18:47:43.066 UTC | SUCCESS  | Done: IMG_6305.JPG
2026-03-05 18:47:43.066 UTC | INFO     | Processing: IMG_6303.JPG...
2026-03-05 18:47:47.432 UTC | SUCCESS  | Done: IMG_6303.JPG
2026-03-05 18:47:47.432 UTC | INFO     | Processing: IMG_6301.JPG...
2026-03-05 18:47:51.618 UTC | SUCCESS  | Done: IMG_6301.JPG
2026-03-05 18:47:51.618 UTC | INFO     | Processing: IMG_6297.JPG...
2026-03-05 18:47:55.977 UTC | SUCCESS  | Done: IMG_6297.JPG
2026-03-05 18:47:55.977 UTC | INFO     | Processing: IMG_6295.JPG...
2026-03-05 18:48:00.592 UTC | SUCCESS  | Done: IMG_6295.JPG
2026-03-05 18:48:00.592 UTC | INFO     | Processing: IMG_6290.JPG...
2026-03-05 18:48:05.534 UTC | SUCCESS  | Done: IMG_6290.JPG
2026-03-05 18:48:05.534 UTC | INFO     | Processing: IMG_6289.JPG...
2026-03-05 18:48:10.043 UTC | SUCCESS  | Done: IMG_6289.JPG
2026-03-05 18:48:10.043 UTC | INFO     | Processing: IMG_6284.JPG...
2026-03-05 18:48:14.164 UTC | SUCCESS  | Done: IMG_6284.JPG
2026-03-05 18:48:14.164 UTC | INFO     | Processing: IMG_6282.JPG...
2026-03-05 18:48:19.433 UTC | SUCCESS  | Done: IMG_6282.JPG
2026-03-05 18:48:19.433 UTC | INFO     | Processing: IMG_6281.JPG...
2026-03-05 18:48:23.623 UTC | SUCCESS  | Done: IMG_6281.JPG
2026-03-05 18:48:23.623 UTC | INFO     | Processing: IMG_6280.JPG...
2026-03-05 18:48:27.751 UTC | SUCCESS  | Done: IMG_6280.JPG
2026-03-05 18:48:27.751 UTC | INFO     | Processing: IMG_6279.JPG...
2026-03-05 18:48:32.101 UTC | SUCCESS  | Done: IMG_6279.JPG
2026-03-05 18:48:32.101 UTC | INFO     | Processing: IMG_6278.JPG...
2026-03-05 18:48:36.720 UTC | SUCCESS  | Done: IMG_6278.JPG
2026-03-05 18:48:36.721 UTC | INFO     | Processing: IMG_6277.JPG...
2026-03-05 18:48:42.115 UTC | SUCCESS  | Done: IMG_6277.JPG
2026-03-05 18:48:42.116 UTC | INFO     | Processing: IMG_6276.JPG...
